{"meta": {"format": 3, "version": "7.10.7", "timestamp": "2025-10-02T22:48:40.757707", "branch_coverage": true, "show_contexts": false}, "files": {"app.py": {"executed_lines": [1, 6, 7, 9, 10, 11, 12, 14, 15, 18, 21, 22, 23, 26, 29, 32, 35, 37, 38, 41, 42, 44, 47, 48, 50, 53, 54, 56, 59, 60, 62, 63, 64, 66, 67, 70, 71, 73, 76, 77, 79, 80, 81, 82, 85, 86, 88, 89, 93, 94, 96, 97, 100, 101, 103, 106, 107, 109, 110, 111, 114, 115, 117, 118, 121, 122, 124, 125, 126, 129, 130, 132, 135, 136, 138, 139, 140, 143, 144, 146, 149, 153, 163, 164, 165, 166, 167, 168, 169, 170, 173], "summary": {"covered_lines": 89, "num_statements": 89, "percent_covered": 100.0, "percent_covered_display": "100.00", "missing_lines": 0, "excluded_lines": 7, "num_branches": 4, "num_partial_branches": 0, "covered_branches": 4, "missing_branches": 0}, "missing_lines": [], "excluded_lines": [173, 175, 178, 179, 180, 182, 183], "executed_branches": [[125, -121], [125, 126], [139, -135], [139, 140]], "missing_branches": [], "functions": {"on_score_received": {"executed_lines": [37, 38], "summary": {"covered_lines": 2, "num_statements": 2, "percent_covered": 100.0, "percent_covered_display": "100.00", "missing_lines": 0, "excluded_lines": 0, "num_branches": 0, "num_partial_branches": 0, "covered_branches": 0, "missing_branches": 0}, "missing_lines": [], "excluded_lines": [], "executed_branches": [], "missing_branches": []}, "index": {"executed_lines": [44], "summary": {"covered_lines": 1, "num_statements": 1, "percent_covered": 100.0, "percent_covered_display": "100.00", "missing_lines": 0, "excluded_lines": 0, "num_branches": 0, "num_partial_branches": 0, "covered_branches": 0, "missing_branches": 0}, "missing_lines": [], "excluded_lines": [], "executed_branches": [], "missing_branches": []}, "control": {"executed_lines": [50], "summary": {"covered_lines": 1, "num_statements": 1, "percent_covered": 100.0, "percent_covered_display": "100.00", "missing_lines": 0, "excluded_lines": 0, "num_branches": 0, "num_partial_branches": 0, "covered_branches": 0, "missing_branches": 0}, "missing_lines": [], "excluded_lines": [], "executed_branches": [], "missing_branches": []}, "get_game_state": {"executed_lines": [56], "summary": {"covered_lines": 1, "num_statements": 1, "percent_covered": 100.0, "percent_covered_display": "100.00", "missing_lines": 0, "excluded_lines": 0, "num_branches": 0, "num_partial_branches": 0, "covered_branches": 0, "missing_branches": 0}, "missing_lines": [], "excluded_lines": [], "executed_branches": [], "missing_branches": []}, "new_game": {"executed_lines": [62, 63, 64, 66, 67], "summary": {"covered_lines": 5, "num_statements": 5, "percent_covered": 100.0, "percent_covered_display": "100.00", "missing_lines": 0, "excluded_lines": 0, "num_branches": 0, "num_partial_branches": 0, "covered_branches": 0, "missing_branches": 0}, "missing_lines": [], "excluded_lines": [], "executed_branches": [], "missing_branches": []}, "get_players": {"executed_lines": [73], "summary": {"covered_lines": 1, "num_statements": 1, "percent_covered": 100.0, "percent_covered_display": "100.00", "missing_lines": 0, "excluded_lines": 0, "num_branches": 0, "num_partial_branches": 0, "covered_branches": 0, "missing_branches": 0}, "missing_lines": [], "excluded_lines": [], "executed_branches": [], "missing_branches": []}, "add_player": {"executed_lines": [79, 80, 81, 82], "summary": {"covered_lines": 4, "num_statements": 4, "percent_covered": 100.0, "percent_covered_display": "100.00", "missing_lines": 0, "excluded_lines": 0, "num_branches": 0, "num_partial_branches": 0, "covered_branches": 0, "missing_branches": 0}, "missing_lines": [], "excluded_lines": [], "executed_branches": [], "missing_branches": []}, "remove_player": {"executed_lines": [88, 89], "summary": {"covered_lines": 2, "num_statements": 2, "percent_covered": 100.0, "percent_covered_display": "100.00", "missing_lines": 0, "excluded_lines": 0, "num_branches": 0, "num_partial_branches": 0, "covered_branches": 0, "missing_branches": 0}, "missing_lines": [], "excluded_lines": [], "executed_branches": [], "missing_branches": []}, "handle_connect": {"executed_lines": [96, 97], "summary": {"covered_lines": 2, "num_statements": 2, "percent_covered": 100.0, "percent_covered_display": "100.00", "missing_lines": 0, "excluded_lines": 0, "num_branches": 0, "num_partial_branches": 0, "covered_branches": 0, "missing_branches": 0}, "missing_lines": [], "excluded_lines": [], "executed_branches": [], "missing_branches": []}, "handle_disconnect": {"executed_lines": [103], "summary": {"covered_lines": 1, "num_statements": 1, "percent_covered": 100.0, "percent_covered_display": "100.00", "missing_lines": 0, "excluded_lines": 0, "num_branches": 0, "num_partial_branches": 0, "covered_branches": 0, "missing_branches": 0}, "missing_lines": [], "excluded_lines": [], "executed_branches": [], "missing_branches": []}, "handle_new_game": {"executed_lines": [109, 110, 111], "summary": {"covered_lines": 3, "num_statements": 3, "percent_covered": 100.0, "percent_covered_display": "100.00", "missing_lines": 0, "excluded_lines": 0, "num_branches": 0, "num_partial_branches": 0, "covered_branches": 0, "missing_branches": 0}, "missing_lines": [], "excluded_lines": [], "executed_branches": [], "missing_branches": []}, "handle_add_player": {"executed_lines": [117, 118], "summary": {"covered_lines": 2, "num_statements": 2, "percent_covered": 100.0, "percent_covered_display": "100.00", "missing_lines": 0, "excluded_lines": 0, "num_branches": 0, "num_partial_branches": 0, "covered_branches": 0, "missing_branches": 0}, "missing_lines": [], "excluded_lines": [], "executed_branches": [], "missing_branches": []}, "handle_remove_player": {"executed_lines": [124, 125, 126], "summary": {"covered_lines": 3, "num_statements": 3, "percent_covered": 100.0, "percent_covered_display": "100.00", "missing_lines": 0, "excluded_lines": 0, "num_branches": 2, "num_partial_branches": 0, "covered_branches": 2, "missing_branches": 0}, "missing_lines": [], "excluded_lines": [], "executed_branches": [[125, -121], [125, 126]], "missing_branches": []}, "handle_next_player": {"executed_lines": [132], "summary": {"covered_lines": 1, "num_statements": 1, "percent_covered": 100.0, "percent_covered_display": "100.00", "missing_lines": 0, "excluded_lines": 0, "num_branches": 0, "num_partial_branches": 0, "covered_branches": 0, "missing_branches": 0}, "missing_lines": [], "excluded_lines": [], "executed_branches": [], "missing_branches": []}, "handle_skip_to_player": {"executed_lines": [138, 139, 140], "summary": {"covered_lines": 3, "num_statements": 3, "percent_covered": 100.0, "percent_covered_display": "100.00", "missing_lines": 0, "excluded_lines": 0, "num_branches": 2, "num_partial_branches": 0, "covered_branches": 2, "missing_branches": 0}, "missing_lines": [], "excluded_lines": [], "executed_branches": [[139, -135], [139, 140]], "missing_branches": []}, "handle_manual_score": {"executed_lines": [146], "summary": {"covered_lines": 1, "num_statements": 1, "percent_covered": 100.0, "percent_covered_display": "100.00", "missing_lines": 0, "excluded_lines": 0, "num_branches": 0, "num_partial_branches": 0, "covered_branches": 0, "missing_branches": 0}, "missing_lines": [], "excluded_lines": [], "executed_branches": [], "missing_branches": []}, "start_rabbitmq_consumer": {"executed_lines": [153, 163, 164, 165, 166, 167, 168, 169, 170], "summary": {"covered_lines": 9, "num_statements": 9, "percent_covered": 100.0, "percent_covered_display": "100.00", "missing_lines": 0, "excluded_lines": 0, "num_branches": 0, "num_partial_branches": 0, "covered_branches": 0, "missing_branches": 0}, "missing_lines": [], "excluded_lines": [], "executed_branches": [], "missing_branches": []}, "": {"executed_lines": [1, 6, 7, 9, 10, 11, 12, 14, 15, 18, 21, 22, 23, 26, 29, 32, 35, 41, 42, 47, 48, 53, 54, 59, 60, 70, 71, 76, 77, 85, 86, 93, 94, 100, 101, 106, 107, 114, 115, 121, 122, 129, 130, 135, 136, 143, 144, 149, 173], "summary": {"covered_lines": 47, "num_statements": 47, "percent_covered": 100.0, "percent_covered_display": "100.00", "missing_lines": 0, "excluded_lines": 7, "num_branches": 0, "num_partial_branches": 0, "covered_branches": 0, "missing_branches": 0}, "missing_lines": [], "excluded_lines": [173, 175, 178, 179, 180, 182, 183], "executed_branches": [], "missing_branches": []}}, "classes": {"": {"executed_lines": [1, 6, 7, 9, 10, 11, 12, 14, 15, 18, 21, 22, 23, 26, 29, 32, 35, 37, 38, 41, 42, 44, 47, 48, 50, 53, 54, 56, 59, 60, 62, 63, 64, 66, 67, 70, 71, 73, 76, 77, 79, 80, 81, 82, 85, 86, 88, 89, 93, 94, 96, 97, 100, 101, 103, 106, 107, 109, 110, 111, 114, 115, 117, 118, 121, 122, 124, 125, 126, 129, 130, 132, 135, 136, 138, 139, 140, 143, 144, 146, 149, 153, 163, 164, 165, 166, 167, 168, 169, 170, 173], "summary": {"covered_lines": 89, "num_statements": 89, "percent_covered": 100.0, "percent_covered_display": "100.00", "missing_lines": 0, "excluded_lines": 7, "num_branches": 4, "num_partial_branches": 0, "covered_branches": 4, "missing_branches": 0}, "missing_lines": [], "excluded_lines": [173, 175, 178, 179, 180, 182, 183], "executed_branches": [[125, -121], [125, 126], [139, -135], [139, 140]], "missing_branches": []}}}, "game_manager.py": {"executed_lines": [1, 5, 6, 9, 10, 12, 19, 20, 21, 22, 23, 24, 25, 26, 27, 28, 29, 32, 41, 43, 51, 54, 55, 56, 57, 63, 64, 67, 68, 69, 70, 71, 72, 75, 76, 77, 78, 79, 82, 83, 84, 86, 88, 90, 94, 95, 96, 98, 99, 101, 102, 104, 105, 106, 108, 110, 111, 112, 114, 115, 118, 119, 122, 123, 125, 126, 128, 129, 130, 132, 144, 145, 146, 149, 150, 153, 154, 155, 156, 157, 158, 160, 161, 164, 165, 168, 176, 179, 180, 181, 184, 185, 186, 189, 192, 193, 196, 198, 200, 201, 203, 204, 205, 207, 208, 209, 211, 213, 214, 216, 217, 218, 220, 221, 222, 224, 226, 236, 237, 239, 241, 243, 245, 247, 248, 250, 251, 252, 253, 255, 257, 258, 260, 261, 262, 263, 264, 266, 268, 270, 271, 272, 274, 276, 278, 279, 280, 281, 282, 283, 284, 285, 286, 287, 288, 289, 290, 291, 292, 293, 295, 296, 298, 300, 302, 303, 304, 305, 306, 308, 310, 312, 314, 316, 318, 320, 322, 324, 326], "summary": {"covered_lines": 177, "num_statements": 178, "percent_covered": 97.84482758620689, "percent_covered_display": "97.84", "missing_lines": 1, "excluded_lines": 0, "num_branches": 54, "num_partial_branches": 4, "covered_branches": 50, "missing_branches": 4}, "missing_lines": [91], "excluded_lines": [], "executed_branches": [[54, 55], [54, 56], [56, 57], [63, 64], [63, 67], [68, 69], [68, 70], [70, 71], [70, 72], [90, 94], [94, 95], [94, 98], [101, 102], [101, 104], [110, 111], [110, 114], [114, 115], [118, 119], [118, 122], [122, 123], [122, 125], [125, 126], [144, 145], [144, 149], [153, 154], [153, 156], [156, 157], [156, 160], [164, 165], [164, 168], [179, 180], [179, 184], [184, 185], [184, 189], [192, 193], [192, 196], [200, 201], [200, 203], [213, 214], [213, 216], [236, 237], [236, 239], [278, 279], [278, 282], [282, 283], [282, 286], [286, 287], [286, 290], [290, 291], [290, 295]], "missing_branches": [[56, 63], [90, 91], [114, -108], [125, 128]], "functions": {"GameManager.__init__": {"executed_lines": [19, 20, 21, 22, 23, 24, 25, 26, 27, 28, 29, 32, 41], "summary": {"covered_lines": 13, "num_statements": 13, "percent_covered": 100.0, "percent_covered_display": "100.00", "missing_lines": 0, "excluded_lines": 0, "num_branches": 0, "num_partial_branches": 0, "covered_branches": 0, "missing_branches": 0}, "missing_lines": [], "excluded_lines": [], "executed_branches": [], "missing_branches": []}, "GameManager.new_game": {"executed_lines": [51, 54, 55, 56, 57, 63, 64, 67, 68, 69, 70, 71, 72, 75, 76, 77, 78, 79, 82, 83, 84, 86], "summary": {"covered_lines": 22, "num_statements": 22, "percent_covered": 96.875, "percent_covered_display": "96.88", "missing_lines": 0, "excluded_lines": 0, "num_branches": 10, "num_partial_branches": 1, "covered_branches": 9, "missing_branches": 1}, "missing_lines": [], "excluded_lines": [], "executed_branches": [[54, 55], [54, 56], [56, 57], [63, 64], [63, 67], [68, 69], [68, 70], [70, 71], [70, 72]], "missing_branches": [[56, 63]]}, "GameManager.add_player": {"executed_lines": [90, 94, 95, 96, 98, 99, 101, 102, 104, 105, 106], "summary": {"covered_lines": 11, "num_statements": 12, "percent_covered": 88.88888888888889, "percent_covered_display": "88.89", "missing_lines": 1, "excluded_lines": 0, "num_branches": 6, "num_partial_branches": 1, "covered_branches": 5, "missing_branches": 1}, "missing_lines": [91], "excluded_lines": [], "executed_branches": [[90, 94], [94, 95], [94, 98], [101, 102], [101, 104]], "missing_branches": [[90, 91]]}, "GameManager.remove_player": {"executed_lines": [110, 111, 112, 114, 115, 118, 119, 122, 123, 125, 126, 128, 129, 130], "summary": {"covered_lines": 14, "num_statements": 14, "percent_covered": 91.66666666666667, "percent_covered_display": "91.67", "missing_lines": 0, "excluded_lines": 0, "num_branches": 10, "num_partial_branches": 2, "covered_branches": 8, "missing_branches": 2}, "missing_lines": [], "excluded_lines": [], "executed_branches": [[110, 111], [110, 114], [114, 115], [118, 119], [118, 122], [122, 123], [122, 125], [125, 126]], "missing_branches": [[114, -108], [125, 128]]}, "GameManager.process_score": {"executed_lines": [144, 145, 146, 149, 150, 153, 154, 155, 156, 157, 158, 160, 161, 164, 165, 168, 176, 179, 180, 181, 184, 185, 186, 189, 192, 193, 196], "summary": {"covered_lines": 27, "num_statements": 27, "percent_covered": 100.0, "percent_covered_display": "100.00", "missing_lines": 0, "excluded_lines": 0, "num_branches": 14, "num_partial_branches": 0, "covered_branches": 14, "missing_branches": 0}, "missing_lines": [], "excluded_lines": [], "executed_branches": [[144, 145], [144, 149], [153, 154], [153, 156], [156, 157], [156, 160], [164, 165], [164, 168], [179, 180], [179, 184], [184, 185], [184, 189], [192, 193], [192, 196]], "missing_branches": []}, "GameManager.next_player": {"executed_lines": [200, 201, 203, 204, 205, 207, 208, 209], "summary": {"covered_lines": 8, "num_statements": 8, "percent_covered": 100.0, "percent_covered_display": "100.00", "missing_lines": 0, "excluded_lines": 0, "num_branches": 2, "num_partial_branches": 0, "covered_branches": 2, "missing_branches": 0}, "missing_lines": [], "excluded_lines": [], "executed_branches": [[200, 201], [200, 203]], "missing_branches": []}, "GameManager.skip_to_player": {"executed_lines": [213, 214, 216, 217, 218, 220, 221, 222], "summary": {"covered_lines": 8, "num_statements": 8, "percent_covered": 100.0, "percent_covered_display": "100.00", "missing_lines": 0, "excluded_lines": 0, "num_branches": 2, "num_partial_branches": 0, "covered_branches": 2, "missing_branches": 0}, "missing_lines": [], "excluded_lines": [], "executed_branches": [[213, 214], [213, 216]], "missing_branches": []}, "GameManager.get_game_state": {"executed_lines": [226, 236, 237, 239], "summary": {"covered_lines": 4, "num_statements": 4, "percent_covered": 100.0, "percent_covered_display": "100.00", "missing_lines": 0, "excluded_lines": 0, "num_branches": 2, "num_partial_branches": 0, "covered_branches": 2, "missing_branches": 0}, "missing_lines": [], "excluded_lines": [], "executed_branches": [[236, 237], [236, 239]], "missing_branches": []}, "GameManager.get_players": {"executed_lines": [243], "summary": {"covered_lines": 1, "num_statements": 1, "percent_covered": 100.0, "percent_covered_display": "100.00", "missing_lines": 0, "excluded_lines": 0, "num_branches": 0, "num_partial_branches": 0, "covered_branches": 0, "missing_branches": 0}, "missing_lines": [], "excluded_lines": [], "executed_branches": [], "missing_branches": []}, "GameManager._handle_bust": {"executed_lines": [247, 248, 250, 251, 252, 253], "summary": {"covered_lines": 6, "num_statements": 6, "percent_covered": 100.0, "percent_covered_display": "100.00", "missing_lines": 0, "excluded_lines": 0, "num_branches": 0, "num_partial_branches": 0, "covered_branches": 0, "missing_branches": 0}, "missing_lines": [], "excluded_lines": [], "executed_branches": [], "missing_branches": []}, "GameManager._handle_winner": {"executed_lines": [257, 258, 260, 261, 262, 263, 264, 266], "summary": {"covered_lines": 8, "num_statements": 8, "percent_covered": 100.0, "percent_covered_display": "100.00", "missing_lines": 0, "excluded_lines": 0, "num_branches": 0, "num_partial_branches": 0, "covered_branches": 0, "missing_branches": 0}, "missing_lines": [], "excluded_lines": [], "executed_branches": [], "missing_branches": []}, "GameManager._end_turn": {"executed_lines": [270, 271, 272], "summary": {"covered_lines": 3, "num_statements": 3, "percent_covered": 100.0, "percent_covered_display": "100.00", "missing_lines": 0, "excluded_lines": 0, "num_branches": 0, "num_partial_branches": 0, "covered_branches": 0, "missing_branches": 0}, "missing_lines": [], "excluded_lines": [], "executed_branches": [], "missing_branches": []}, "GameManager._emit_throw_effects": {"executed_lines": [276, 278, 279, 280, 281, 282, 283, 284, 285, 286, 287, 288, 289, 290, 291, 292, 293, 295, 296, 298], "summary": {"covered_lines": 20, "num_statements": 20, "percent_covered": 100.0, "percent_covered_display": "100.00", "missing_lines": 0, "excluded_lines": 0, "num_branches": 8, "num_partial_branches": 0, "covered_branches": 8, "missing_branches": 0}, "missing_lines": [], "excluded_lines": [], "executed_branches": [[278, 279], [278, 282], [282, 283], [282, 286], [286, 287], [286, 290], [290, 291], [290, 295]], "missing_branches": []}, "GameManager._get_angle": {"executed_lines": [302, 303, 304, 305, 306], "summary": {"covered_lines": 5, "num_statements": 5, "percent_covered": 100.0, "percent_covered_display": "100.00", "missing_lines": 0, "excluded_lines": 0, "num_branches": 0, "num_partial_branches": 0, "covered_branches": 0, "missing_branches": 0}, "missing_lines": [], "excluded_lines": [], "executed_branches": [], "missing_branches": []}, "GameManager._emit_game_state": {"executed_lines": [310], "summary": {"covered_lines": 1, "num_statements": 1, "percent_covered": 100.0, "percent_covered_display": "100.00", "missing_lines": 0, "excluded_lines": 0, "num_branches": 0, "num_partial_branches": 0, "covered_branches": 0, "missing_branches": 0}, "missing_lines": [], "excluded_lines": [], "executed_branches": [], "missing_branches": []}, "GameManager._emit_sound": {"executed_lines": [314], "summary": {"covered_lines": 1, "num_statements": 1, "percent_covered": 100.0, "percent_covered_display": "100.00", "missing_lines": 0, "excluded_lines": 0, "num_branches": 0, "num_partial_branches": 0, "covered_branches": 0, "missing_branches": 0}, "missing_lines": [], "excluded_lines": [], "executed_branches": [], "missing_branches": []}, "GameManager._emit_video": {"executed_lines": [318], "summary": {"covered_lines": 1, "num_statements": 1, "percent_covered": 100.0, "percent_covered_display": "100.00", "missing_lines": 0, "excluded_lines": 0, "num_branches": 0, "num_partial_branches": 0, "covered_branches": 0, "missing_branches": 0}, "missing_lines": [], "excluded_lines": [], "executed_branches": [], "missing_branches": []}, "GameManager._emit_message": {"executed_lines": [322], "summary": {"covered_lines": 1, "num_statements": 1, "percent_covered": 100.0, "percent_covered_display": "100.00", "missing_lines": 0, "excluded_lines": 0, "num_branches": 0, "num_partial_branches": 0, "covered_branches": 0, "missing_branches": 0}, "missing_lines": [], "excluded_lines": [], "executed_branches": [], "missing_branches": []}, "GameManager._emit_big_message": {"executed_lines": [326], "summary": {"covered_lines": 1, "num_statements": 1, "percent_covered": 100.0, "percent_covered_display": "100.00", "missing_lines": 0, "excluded_lines": 0, "num_branches": 0, "num_partial_branches": 0, "covered_branches": 0, "missing_branches": 0}, "missing_lines": [], "excluded_lines": [], "executed_branches": [], "missing_branches": []}, "": {"executed_lines": [1, 5, 6, 9, 10, 12, 43, 88, 108, 132, 198, 211, 224, 241, 245, 255, 268, 274, 300, 308, 312, 316, 320, 324], "summary": {"covered_lines": 22, "num_statements": 22, "percent_covered": 100.0, "percent_covered_display": "100.00", "missing_lines": 0, "excluded_lines": 0, "num_branches": 0, "num_partial_branches": 0, "covered_branches": 0, "missing_branches": 0}, "missing_lines": [], "excluded_lines": [], "executed_branches": [], "missing_branches": []}}, "classes": {"GameManager": {"executed_lines": [19, 20, 21, 22, 23, 24, 25, 26, 27, 28, 29, 32, 41, 51, 54, 55, 56, 57, 63, 64, 67, 68, 69, 70, 71, 72, 75, 76, 77, 78, 79, 82, 83, 84, 86, 90, 94, 95, 96, 98, 99, 101, 102, 104, 105, 106, 110, 111, 112, 114, 115, 118, 119, 122, 123, 125, 126, 128, 129, 130, 144, 145, 146, 149, 150, 153, 154, 155, 156, 157, 158, 160, 161, 164, 165, 168, 176, 179, 180, 181, 184, 185, 186, 189, 192, 193, 196, 200, 201, 203, 204, 205, 207, 208, 209, 213, 214, 216, 217, 218, 220, 221, 222, 226, 236, 237, 239, 243, 247, 248, 250, 251, 252, 253, 257, 258, 260, 261, 262, 263, 264, 266, 270, 271, 272, 276, 278, 279, 280, 281, 282, 283, 284, 285, 286, 287, 288, 289, 290, 291, 292, 293, 295, 296, 298, 302, 303, 304, 305, 306, 310, 314, 318, 322, 326], "summary": {"covered_lines": 155, "num_statements": 156, "percent_covered": 97.61904761904762, "percent_covered_display": "97.62", "missing_lines": 1, "excluded_lines": 0, "num_branches": 54, "num_partial_branches": 4, "covered_branches": 50, "missing_branches": 4}, "missing_lines": [91], "excluded_lines": [], "executed_branches": [[54, 55], [54, 56], [56, 57], [63, 64], [63, 67], [68, 69], [68, 70], [70, 71], [70, 72], [90, 94], [94, 95], [94, 98], [101, 102], [101, 104], [110, 111], [110, 114], [114, 115], [118, 119], [118, 122], [122, 123], [122, 125], [125, 126], [144, 145], [144, 149], [153, 154], [153, 156], [156, 157], [156, 160], [164, 165], [164, 168], [179, 180], [179, 184], [184, 185], [184, 189], [192, 193], [192, 196], [200, 201], [200, 203], [213, 214], [213, 216], [236, 237], [236, 239], [278, 279], [278, 282], [282, 283], [282, 286], [286, 287], [286, 290], [290, 291], [290, 295]], "missing_branches": [[56, 63], [90, 91], [114, -108], [125, 128]]}, "": {"executed_lines": [1, 5, 6, 9, 10, 12, 43, 88, 108, 132, 198, 211, 224, 241, 245, 255, 268, 274, 300, 308, 312, 316, 320, 324], "summary": {"covered_lines": 22, "num_statements": 22, "percent_covered": 100.0, "percent_covered_display": "100.00", "missing_lines": 0, "excluded_lines": 0, "num_branches": 0, "num_partial_branches": 0, "covered_branches": 0, "missing_branches": 0}, "missing_lines": [], "excluded_lines": [], "executed_branches": [], "missing_branches": []}}}, "games/__init__.py": {"executed_lines": [1], "summary": {"covered_lines": 0, "num_statements": 0, "percent_covered": 100.0, "percent_covered_display": "100.00", "missing_lines": 0, "excluded_lines": 0, "num_branches": 0, "num_partial_branches": 0, "covered_branches": 0, "missing_branches": 0}, "missing_lines": [], "excluded_lines": [], "executed_branches": [], "missing_branches": [], "functions": {"": {"executed_lines": [1], "summary": {"covered_lines": 0, "num_statements": 0, "percent_covered": 100.0, "percent_covered_display": "100.00", "missing_lines": 0, "excluded_lines": 0, "num_branches": 0, "num_partial_branches": 0, "covered_branches": 0, "missing_branches": 0}, "missing_lines": [], "excluded_lines": [], "executed_branches": [], "missing_branches": []}}, "classes": {"": {"executed_lines": [1], "summary": {"covered_lines": 0, "num_statements": 0, "percent_covered": 100.0, "percent_covered_display": "100.00", "missing_lines": 0, "excluded_lines": 0, "num_branches": 0, "num_partial_branches": 0, "covered_branches": 0, "missing_branches": 0}, "missing_lines": [], "excluded_lines": [], "executed_branches": [], "missing_branches": []}}}, "games/game_301.py": {"executed_lines": [1, 6, 7, 9, 17, 18, 20, 21, 30, 31, 33, 35, 44, 46, 47, 49, 50, 52, 65, 66, 68, 69, 72, 75, 77, 86, 87, 88, 89, 90, 93, 94, 95, 97, 99, 101, 102, 103, 105, 107, 113, 115, 116], "summary": {"covered_lines": 41, "num_statements": 41, "percent_covered": 96.61016949152543, "percent_covered_display": "96.61", "missing_lines": 0, "excluded_lines": 0, "num_branches": 18, "num_partial_branches": 2, "covered_branches": 16, "missing_branches": 2}, "missing_lines": [], "excluded_lines": [], "executed_branches": [[20, 21], [20, 30], [30, 31], [46, 47], [49, -44], [49, 50], [65, 66], [65, 68], [86, 87], [86, 93], [93, 94], [93, 97], [101, 102], [101, 103], [115, -113], [115, 116]], "missing_branches": [[30, -9], [46, -44]], "functions": {"Game301.__init__": {"executed_lines": [17, 18, 20, 21, 30, 31], "summary": {"covered_lines": 6, "num_statements": 6, "percent_covered": 90.0, "percent_covered_display": "90.00", "missing_lines": 0, "excluded_lines": 0, "num_branches": 4, "num_partial_branches": 1, "covered_branches": 3, "missing_branches": 1}, "missing_lines": [], "excluded_lines": [], "executed_branches": [[20, 21], [20, 30], [30, 31]], "missing_branches": [[30, -9]]}, "Game301.add_player": {"executed_lines": [35], "summary": {"covered_lines": 1, "num_statements": 1, "percent_covered": 100.0, "percent_covered_display": "100.00", "missing_lines": 0, "excluded_lines": 0, "num_branches": 0, "num_partial_branches": 0, "covered_branches": 0, "missing_branches": 0}, "missing_lines": [], "excluded_lines": [], "executed_branches": [], "missing_branches": []}, "Game301.remove_player": {"executed_lines": [46, 47, 49, 50], "summary": {"covered_lines": 4, "num_statements": 4, "percent_covered": 87.5, "percent_covered_display": "87.50", "missing_lines": 0, "excluded_lines": 0, "num_branches": 4, "num_partial_branches": 1, "covered_branches": 3, "missing_branches": 1}, "missing_lines": [], "excluded_lines": [], "executed_branches": [[46, 47], [49, -44], [49, 50]], "missing_branches": [[46, -44]]}, "Game301.process_throw": {"executed_lines": [65, 66, 68, 69, 72, 75, 77, 86, 87, 88, 89, 90, 93, 94, 95, 97], "summary": {"covered_lines": 16, "num_statements": 16, "percent_covered": 100.0, "percent_covered_display": "100.00", "missing_lines": 0, "excluded_lines": 0, "num_branches": 6, "num_partial_branches": 0, "covered_branches": 6, "missing_branches": 0}, "missing_lines": [], "excluded_lines": [], "executed_branches": [[65, 66], [65, 68], [86, 87], [86, 93], [93, 94], [93, 97]], "missing_branches": []}, "Game301.get_player_score": {"executed_lines": [101, 102, 103], "summary": {"covered_lines": 3, "num_statements": 3, "percent_covered": 100.0, "percent_covered_display": "100.00", "missing_lines": 0, "excluded_lines": 0, "num_branches": 2, "num_partial_branches": 0, "covered_branches": 2, "missing_branches": 0}, "missing_lines": [], "excluded_lines": [], "executed_branches": [[101, 102], [101, 103]], "missing_branches": []}, "Game301.get_state": {"executed_lines": [107], "summary": {"covered_lines": 1, "num_statements": 1, "percent_covered": 100.0, "percent_covered_display": "100.00", "missing_lines": 0, "excluded_lines": 0, "num_branches": 0, "num_partial_branches": 0, "covered_branches": 0, "missing_branches": 0}, "missing_lines": [], "excluded_lines": [], "executed_branches": [], "missing_branches": []}, "Game301.reset": {"executed_lines": [115, 116], "summary": {"covered_lines": 2, "num_statements": 2, "percent_covered": 100.0, "percent_covered_display": "100.00", "missing_lines": 0, "excluded_lines": 0, "num_branches": 2, "num_partial_branches": 0, "covered_branches": 2, "missing_branches": 0}, "missing_lines": [], "excluded_lines": [], "executed_branches": [[115, -113], [115, 116]], "missing_branches": []}, "": {"executed_lines": [1, 6, 7, 9, 33, 44, 52, 99, 105, 113], "summary": {"covered_lines": 8, "num_statements": 8, "percent_covered": 100.0, "percent_covered_display": "100.00", "missing_lines": 0, "excluded_lines": 0, "num_branches": 0, "num_partial_branches": 0, "covered_branches": 0, "missing_branches": 0}, "missing_lines": [], "excluded_lines": [], "executed_branches": [], "missing_branches": []}}, "classes": {"Game301": {"executed_lines": [17, 18, 20, 21, 30, 31, 35, 46, 47, 49, 50, 65, 66, 68, 69, 72, 75, 77, 86, 87, 88, 89, 90, 93, 94, 95, 97, 101, 102, 103, 107, 115, 116], "summary": {"covered_lines": 33, "num_statements": 33, "percent_covered": 96.07843137254902, "percent_covered_display": "96.08", "missing_lines": 0, "excluded_lines": 0, "num_branches": 18, "num_partial_branches": 2, "covered_branches": 16, "missing_branches": 2}, "missing_lines": [], "excluded_lines": [], "executed_branches": [[20, 21], [20, 30], [30, 31], [46, 47], [49, -44], [49, 50], [65, 66], [65, 68], [86, 87], [86, 93], [93, 94], [93, 97], [101, 102], [101, 103], [115, -113], [115, 116]], "missing_branches": [[30, -9], [46, -44]]}, "": {"executed_lines": [1, 6, 7, 9, 33, 44, 52, 99, 105, 113], "summary": {"covered_lines": 8, "num_statements": 8, "percent_covered": 100.0, "percent_covered_display": "100.00", "missing_lines": 0, "excluded_lines": 0, "num_branches": 0, "num_partial_branches": 0, "covered_branches": 0, "missing_branches": 0}, "missing_lines": [], "excluded_lines": [], "executed_branches": [], "missing_branches": []}}}, "games/game_cricket.py": {"executed_lines": [1, 5, 8, 9, 12, 14, 21, 23, 24, 33, 34, 39, 41, 42, 44, 46, 47, 49, 58, 59, 64, 66, 68, 69, 71, 72, 74, 87, 88, 90, 92, 104, 105, 107, 110, 111, 114, 116, 117, 118, 121, 122, 125, 126, 127, 130, 132, 133, 136, 137, 139, 141, 143, 145, 147, 148, 150, 157, 160, 161, 162, 166, 167, 168, 169, 170, 172, 178, 179, 181, 183, 184, 185, 187, 189, 195, 197, 198, 199, 200], "summary": {"covered_lines": 78, "num_statements": 80, "percent_covered": 94.61538461538461, "percent_covered_display": "94.62", "missing_lines": 2, "excluded_lines": 0, "num_branches": 50, "num_partial_branches": 5, "covered_branches": 45, "missing_branches": 5}, "missing_lines": [174, 175], "excluded_lines": [], "executed_branches": [[23, 24], [23, 41], [33, 34], [33, 39], [41, 42], [46, 47], [46, 49], [58, 59], [58, 64], [68, 69], [71, -66], [71, 72], [87, 88], [87, 90], [104, 105], [104, 107], [110, 111], [110, 114], [114, 116], [114, 136], [116, 117], [116, 121], [121, 114], [121, 122], [125, 114], [125, 126], [130, 114], [130, 132], [136, 137], [136, 139], [147, -145], [147, 148], [160, 161], [160, 166], [161, 160], [161, 162], [167, 168], [168, 169], [172, 178], [183, 184], [183, 185], [197, -195], [197, 198], [199, 197], [199, 200]], "missing_branches": [[41, -14], [68, -66], [167, 172], [168, 167], [172, 174]], "functions": {"GameCricket.__init__": {"executed_lines": [21, 23, 24, 33, 34, 39, 41, 42], "summary": {"covered_lines": 8, "num_statements": 8, "percent_covered": 92.85714285714286, "percent_covered_display": "92.86", "missing_lines": 0, "excluded_lines": 0, "num_branches": 6, "num_partial_branches": 1, "covered_branches": 5, "missing_branches": 1}, "missing_lines": [], "excluded_lines": [], "executed_branches": [[23, 24], [23, 41], [33, 34], [33, 39], [41, 42]], "missing_branches": [[41, -14]]}, "GameCricket.add_player": {"executed_lines": [46, 47, 49, 58, 59, 64], "summary": {"covered_lines": 6, "num_statements": 6, "percent_covered": 100.0, "percent_covered_display": "100.00", "missing_lines": 0, "excluded_lines": 0, "num_branches": 4, "num_partial_branches": 0, "covered_branches": 4, "missing_branches": 0}, "missing_lines": [], "excluded_lines": [], "executed_branches": [[46, 47], [46, 49], [58, 59], [58, 64]], "missing_branches": []}, "GameCricket.remove_player": {"executed_lines": [68, 69, 71, 72], "summary": {"covered_lines": 4, "num_statements": 4, "percent_covered": 87.5, "percent_covered_display": "87.50", "missing_lines": 0, "excluded_lines": 0, "num_branches": 4, "num_partial_branches": 1, "covered_branches": 3, "missing_branches": 1}, "missing_lines": [], "excluded_lines": [], "executed_branches": [[68, 69], [71, -66], [71, 72]], "missing_branches": [[68, -66]]}, "GameCricket.process_throw": {"executed_lines": [87, 88, 90, 92, 104, 105, 107, 110, 111, 114, 116, 117, 118, 121, 122, 125, 126, 127, 130, 132, 133, 136, 137, 139], "summary": {"covered_lines": 24, "num_statements": 24, "percent_covered": 100.0, "percent_covered_display": "100.00", "missing_lines": 0, "excluded_lines": 0, "num_branches": 18, "num_partial_branches": 0, "covered_branches": 18, "missing_branches": 0}, "missing_lines": [], "excluded_lines": [], "executed_branches": [[87, 88], [87, 90], [104, 105], [104, 107], [110, 111], [110, 114], [114, 116], [114, 136], [116, 117], [116, 121], [121, 114], [121, 122], [125, 114], [125, 126], [130, 114], [130, 132], [136, 137], [136, 139]], "missing_branches": []}, "GameCricket._check_all_opened": {"executed_lines": [143], "summary": {"covered_lines": 1, "num_statements": 1, "percent_covered": 100.0, "percent_covered_display": "100.00", "missing_lines": 0, "excluded_lines": 0, "num_branches": 0, "num_partial_branches": 0, "covered_branches": 0, "missing_branches": 0}, "missing_lines": [], "excluded_lines": [], "executed_branches": [], "missing_branches": []}, "GameCricket._close_target_for_all": {"executed_lines": [147, 148], "summary": {"covered_lines": 2, "num_statements": 2, "percent_covered": 100.0, "percent_covered_display": "100.00", "missing_lines": 0, "excluded_lines": 0, "num_branches": 2, "num_partial_branches": 0, "covered_branches": 2, "missing_branches": 0}, "missing_lines": [], "excluded_lines": [], "executed_branches": [[147, -145], [147, 148]], "missing_branches": []}, "GameCricket._check_winner": {"executed_lines": [157, 160, 161, 162, 166, 167, 168, 169, 170, 172, 178, 179], "summary": {"covered_lines": 12, "num_statements": 14, "percent_covered": 79.16666666666667, "percent_covered_display": "79.17", "missing_lines": 2, "excluded_lines": 0, "num_branches": 10, "num_partial_branches": 3, "covered_branches": 7, "missing_branches": 3}, "missing_lines": [174, 175], "excluded_lines": [], "executed_branches": [[160, 161], [160, 166], [161, 160], [161, 162], [167, 168], [168, 169], [172, 178]], "missing_branches": [[167, 172], [168, 167], [172, 174]]}, "GameCricket.get_player_score": {"executed_lines": [183, 184, 185], "summary": {"covered_lines": 3, "num_statements": 3, "percent_covered": 100.0, "percent_covered_display": "100.00", "missing_lines": 0, "excluded_lines": 0, "num_branches": 2, "num_partial_branches": 0, "covered_branches": 2, "missing_branches": 0}, "missing_lines": [], "excluded_lines": [], "executed_branches": [[183, 184], [183, 185]], "missing_branches": []}, "GameCricket.get_state": {"executed_lines": [189], "summary": {"covered_lines": 1, "num_statements": 1, "percent_covered": 100.0, "percent_covered_display": "100.00", "missing_lines": 0, "excluded_lines": 0, "num_branches": 0, "num_partial_branches": 0, "covered_branches": 0, "missing_branches": 0}, "missing_lines": [], "excluded_lines": [], "executed_branches": [], "missing_branches": []}, "GameCricket.reset": {"executed_lines": [197, 198, 199, 200], "summary": {"covered_lines": 4, "num_statements": 4, "percent_covered": 100.0, "percent_covered_display": "100.00", "missing_lines": 0, "excluded_lines": 0, "num_branches": 4, "num_partial_branches": 0, "covered_branches": 4, "missing_branches": 0}, "missing_lines": [], "excluded_lines": [], "executed_branches": [[197, -195], [197, 198], [199, 197], [199, 200]], "missing_branches": []}, "": {"executed_lines": [1, 5, 8, 9, 12, 14, 44, 66, 74, 141, 145, 150, 181, 187, 195], "summary": {"covered_lines": 13, "num_statements": 13, "percent_covered": 100.0, "percent_covered_display": "100.00", "missing_lines": 0, "excluded_lines": 0, "num_branches": 0, "num_partial_branches": 0, "covered_branches": 0, "missing_branches": 0}, "missing_lines": [], "excluded_lines": [], "executed_branches": [], "missing_branches": []}}, "classes": {"GameCricket": {"executed_lines": [21, 23, 24, 33, 34, 39, 41, 42, 46, 47, 49, 58, 59, 64, 68, 69, 71, 72, 87, 88, 90, 92, 104, 105, 107, 110, 111, 114, 116, 117, 118, 121, 122, 125, 126, 127, 130, 132, 133, 136, 137, 139, 143, 147, 148, 157, 160, 161, 162, 166, 167, 168, 169, 170, 172, 178, 179, 183, 184, 185, 189, 197, 198, 199, 200], "summary": {"covered_lines": 65, "num_statements": 67, "percent_covered": 94.01709401709402, "percent_covered_display": "94.02", "missing_lines": 2, "excluded_lines": 0, "num_branches": 50, "num_partial_branches": 5, "covered_branches": 45, "missing_branches": 5}, "missing_lines": [174, 175], "excluded_lines": [], "executed_branches": [[23, 24], [23, 41], [33, 34], [33, 39], [41, 42], [46, 47], [46, 49], [58, 59], [58, 64], [68, 69], [71, -66], [71, 72], [87, 88], [87, 90], [104, 105], [104, 107], [110, 111], [110, 114], [114, 116], [114, 136], [116, 117], [116, 121], [121, 114], [121, 122], [125, 114], [125, 126], [130, 114], [130, 132], [136, 137], [136, 139], [147, -145], [147, 148], [160, 161], [160, 166], [161, 160], [161, 162], [167, 168], [168, 169], [172, 178], [183, 184], [183, 185], [197, -195], [197, 198], [199, 197], [199, 200]], "missing_branches": [[41, -14], [68, -66], [167, 172], [168, 167], [172, 174]]}, "": {"executed_lines": [1, 5, 8, 9, 12, 14, 44, 66, 74, 141, 145, 150, 181, 187, 195], "summary": {"covered_lines": 13, "num_statements": 13, "percent_covered": 100.0, "percent_covered_display": "100.00", "missing_lines": 0, "excluded_lines": 0, "num_branches": 0, "num_partial_branches": 0, "covered_branches": 0, "missing_branches": 0}, "missing_lines": [], "excluded_lines": [], "executed_branches": [], "missing_branches": []}}}, "rabbitmq_consumer.py": {"executed_lines": [1, 5, 6, 8, 11, 12, 14, 22, 23, 24, 25, 26, 28, 30, 35, 44, 45, 48, 55, 56, 59, 65, 66, 71, 73, 83, 85, 86, 89, 92, 94, 95, 97, 98, 99, 101, 103, 105, 106, 107, 110, 116, 117, 119, 120, 121, 122, 123, 124, 125, 126, 127, 128, 129, 130, 132, 134, 135, 136, 137, 138, 139], "summary": {"covered_lines": 60, "num_statements": 60, "percent_covered": 98.48484848484848, "percent_covered_display": "98.48", "missing_lines": 0, "excluded_lines": 0, "num_branches": 6, "num_partial_branches": 1, "covered_branches": 5, "missing_branches": 1}, "missing_lines": [], "excluded_lines": [], "executed_branches": [[105, 106], [135, 136], [135, 137], [137, 138], [137, 139]], "missing_branches": [[105, -103]], "functions": {"RabbitMQConsumer.__init__": {"executed_lines": [22, 23, 24, 25, 26], "summary": {"covered_lines": 5, "num_statements": 5, "percent_covered": 100.0, "percent_covered_display": "100.00", "missing_lines": 0, "excluded_lines": 0, "num_branches": 0, "num_partial_branches": 0, "covered_branches": 0, "missing_branches": 0}, "missing_lines": [], "excluded_lines": [], "executed_branches": [], "missing_branches": []}, "RabbitMQConsumer.connect": {"executed_lines": [30, 35, 44, 45, 48, 55, 56, 59, 65, 66, 71], "summary": {"covered_lines": 11, "num_statements": 11, "percent_covered": 100.0, "percent_covered_display": "100.00", "missing_lines": 0, "excluded_lines": 0, "num_branches": 0, "num_partial_branches": 0, "covered_branches": 0, "missing_branches": 0}, "missing_lines": [], "excluded_lines": [], "executed_branches": [], "missing_branches": []}, "RabbitMQConsumer.on_message": {"executed_lines": [83, 85, 86, 89, 92, 94, 95, 97, 98, 99, 101], "summary": {"covered_lines": 11, "num_statements": 11, "percent_covered": 100.0, "percent_covered_display": "100.00", "missing_lines": 0, "excluded_lines": 0, "num_branches": 0, "num_partial_branches": 0, "covered_branches": 0, "missing_branches": 0}, "missing_lines": [], "excluded_lines": [], "executed_branches": [], "missing_branches": []}, "RabbitMQConsumer.start": {"executed_lines": [105, 106, 107, 110, 116, 117, 119, 120, 121, 122, 123, 124, 125, 126, 127, 128, 129, 130], "summary": {"covered_lines": 18, "num_statements": 18, "percent_covered": 95.0, "percent_covered_display": "95.00", "missing_lines": 0, "excluded_lines": 0, "num_branches": 2, "num_partial_branches": 1, "covered_branches": 1, "missing_branches": 1}, "missing_lines": [], "excluded_lines": [], "executed_branches": [[105, 106]], "missing_branches": [[105, -103]]}, "RabbitMQConsumer.stop": {"executed_lines": [134, 135, 136, 137, 138, 139], "summary": {"covered_lines": 6, "num_statements": 6, "percent_covered": 100.0, "percent_covered_display": "100.00", "missing_lines": 0, "excluded_lines": 0, "num_branches": 4, "num_partial_branches": 0, "covered_branches": 4, "missing_branches": 0}, "missing_lines": [], "excluded_lines": [], "executed_branches": [[135, 136], [135, 137], [137, 138], [137, 139]], "missing_branches": []}, "": {"executed_lines": [1, 5, 6, 8, 11, 12, 14, 28, 73, 103, 132], "summary": {"covered_lines": 9, "num_statements": 9, "percent_covered": 100.0, "percent_covered_display": "100.00", "missing_lines": 0, "excluded_lines": 0, "num_branches": 0, "num_partial_branches": 0, "covered_branches": 0, "missing_branches": 0}, "missing_lines": [], "excluded_lines": [], "executed_branches": [], "missing_branches": []}}, "classes": {"RabbitMQConsumer": {"executed_lines": [22, 23, 24, 25, 26, 30, 35, 44, 45, 48, 55, 56, 59, 65, 66, 71, 83, 85, 86, 89, 92, 94, 95, 97, 98, 99, 101, 105, 106, 107, 110, 116, 117, 119, 120, 121, 122, 123, 124, 125, 126, 127, 128, 129, 130, 134, 135, 136, 137, 138, 139], "summary": {"covered_lines": 51, "num_statements": 51, "percent_covered": 98.24561403508773, "percent_covered_display": "98.25", "missing_lines": 0, "excluded_lines": 0, "num_branches": 6, "num_partial_branches": 1, "covered_branches": 5, "missing_branches": 1}, "missing_lines": [], "excluded_lines": [], "executed_branches": [[105, 106], [135, 136], [135, 137], [137, 138], [137, 139]], "missing_branches": [[105, -103]]}, "": {"executed_lines": [1, 5, 6, 8, 11, 12, 14, 28, 73, 103, 132], "summary": {"covered_lines": 9, "num_statements": 9, "percent_covered": 100.0, "percent_covered_display": "100.00", "missing_lines": 0, "excluded_lines": 0, "num_branches": 0, "num_partial_branches": 0, "covered_branches": 0, "missing_branches": 0}, "missing_lines": [], "excluded_lines": [], "executed_branches": [], "missing_branches": []}}}, "setup.py": {"executed_lines": [], "summary": {"covered_lines": 0, "num_statements": 2, "percent_covered": 0.0, "percent_covered_display": "0.00", "missing_lines": 2, "excluded_lines": 0, "num_branches": 0, "num_partial_branches": 0, "covered_branches": 0, "missing_branches": 0}, "missing_lines": [3, 5], "excluded_lines": [], "executed_branches": [], "missing_branches": [], "functions": {"": {"executed_lines": [], "summary": {"covered_lines": 0, "num_statements": 2, "percent_covered": 0.0, "percent_covered_display": "0.00", "missing_lines": 2, "excluded_lines": 0, "num_branches": 0, "num_partial_branches": 0, "covered_branches": 0, "missing_branches": 0}, "missing_lines": [3, 5], "excluded_lines": [], "executed_branches": [], "missing_branches": []}}, "classes": {"": {"executed_lines": [], "summary": {"covered_lines": 0, "num_statements": 2, "percent_covered": 0.0, "percent_covered_display": "0.00", "missing_lines": 2, "excluded_lines": 0, "num_branches": 0, "num_partial_branches": 0, "covered_branches": 0, "missing_branches": 0}, "missing_lines": [3, 5], "excluded_lines": [], "executed_branches": [], "missing_branches": []}}}}, "totals": {"covered_lines": 445, "num_statements": 450, "percent_covered": 97.07903780068729, "percent_covered_display": "97.08", "missing_lines": 5, "excluded_lines": 7, "num_branches": 132, "num_partial_branches": 12, "covered_branches": 120, "missing_branches": 12}}