<?xml version="1.0" ?>
<coverage version="7.10.7" timestamp="1759446635688" lines-valid="465" lines-covered="148" line-rate="0.3183" branches-valid="138" branches-covered="18" branch-rate="0.1304" complexity="0">
	<!-- Generated by coverage.py: https://coverage.readthedocs.io/en/7.10.7 -->
	<!-- Based on https://raw.githubusercontent.com/cobertura/web/master/htdocs/xml/coverage-04.dtd -->
	<sources>
		<source>/data/dartserver-pythonapp</source>
	</sources>
	<packages>
		<package name="." line-rate="0.2749" branch-rate="0" complexity="0">
			<classes>
				<class name="app.py" filename="app.py" complexity="0" line-rate="0.5165" branch-rate="0">
					<methods/>
					<lines>
						<line number="6" hits="1"/>
						<line number="7" hits="1"/>
						<line number="9" hits="1"/>
						<line number="10" hits="1"/>
						<line number="11" hits="1"/>
						<line number="12" hits="1"/>
						<line number="14" hits="1"/>
						<line number="15" hits="1"/>
						<line number="18" hits="1"/>
						<line number="21" hits="1"/>
						<line number="22" hits="1"/>
						<line number="23" hits="1"/>
						<line number="26" hits="1"/>
						<line number="29" hits="1"/>
						<line number="32" hits="1"/>
						<line number="35" hits="1"/>
						<line number="37" hits="0"/>
						<line number="38" hits="0"/>
						<line number="41" hits="1"/>
						<line number="42" hits="1"/>
						<line number="44" hits="0"/>
						<line number="47" hits="1"/>
						<line number="48" hits="1"/>
						<line number="50" hits="0"/>
						<line number="53" hits="1"/>
						<line number="54" hits="1"/>
						<line number="56" hits="0"/>
						<line number="59" hits="1"/>
						<line number="60" hits="1"/>
						<line number="62" hits="0"/>
						<line number="63" hits="0"/>
						<line number="64" hits="0"/>
						<line number="65" hits="0"/>
						<line number="67" hits="0"/>
						<line number="68" hits="0"/>
						<line number="71" hits="1"/>
						<line number="72" hits="1"/>
						<line number="74" hits="0"/>
						<line number="77" hits="1"/>
						<line number="78" hits="1"/>
						<line number="80" hits="0"/>
						<line number="81" hits="0"/>
						<line number="82" hits="0"/>
						<line number="83" hits="0"/>
						<line number="86" hits="1"/>
						<line number="87" hits="1"/>
						<line number="89" hits="0"/>
						<line number="90" hits="0"/>
						<line number="94" hits="1"/>
						<line number="95" hits="1"/>
						<line number="97" hits="0"/>
						<line number="98" hits="0"/>
						<line number="101" hits="1"/>
						<line number="102" hits="1"/>
						<line number="104" hits="0"/>
						<line number="107" hits="1"/>
						<line number="108" hits="1"/>
						<line number="110" hits="0"/>
						<line number="111" hits="0"/>
						<line number="112" hits="0"/>
						<line number="113" hits="0"/>
						<line number="116" hits="1"/>
						<line number="117" hits="1"/>
						<line number="119" hits="0"/>
						<line number="120" hits="0"/>
						<line number="123" hits="1"/>
						<line number="124" hits="1"/>
						<line number="126" hits="0"/>
						<line number="127" hits="0" branch="true" condition-coverage="0% (0/2)" missing-branches="exit,128"/>
						<line number="128" hits="0"/>
						<line number="131" hits="1"/>
						<line number="132" hits="1"/>
						<line number="134" hits="0"/>
						<line number="137" hits="1"/>
						<line number="138" hits="1"/>
						<line number="140" hits="0"/>
						<line number="141" hits="0" branch="true" condition-coverage="0% (0/2)" missing-branches="exit,142"/>
						<line number="142" hits="0"/>
						<line number="145" hits="1"/>
						<line number="146" hits="1"/>
						<line number="148" hits="0"/>
						<line number="151" hits="1"/>
						<line number="155" hits="0"/>
						<line number="165" hits="0"/>
						<line number="166" hits="0"/>
						<line number="167" hits="0"/>
						<line number="168" hits="0"/>
						<line number="169" hits="0"/>
						<line number="170" hits="0"/>
						<line number="171" hits="0"/>
						<line number="172" hits="0"/>
					</lines>
				</class>
				<class name="game_manager.py" filename="game_manager.py" complexity="0" line-rate="0.1966" branch-rate="0">
					<methods/>
					<lines>
						<line number="5" hits="1"/>
						<line number="6" hits="1"/>
						<line number="9" hits="1"/>
						<line number="12" hits="1"/>
						<line number="19" hits="1"/>
						<line number="20" hits="1"/>
						<line number="21" hits="1"/>
						<line number="22" hits="1"/>
						<line number="23" hits="1"/>
						<line number="24" hits="1"/>
						<line number="25" hits="1"/>
						<line number="26" hits="1"/>
						<line number="27" hits="1"/>
						<line number="28" hits="1"/>
						<line number="29" hits="1"/>
						<line number="32" hits="1"/>
						<line number="41" hits="1"/>
						<line number="43" hits="1"/>
						<line number="52" hits="0"/>
						<line number="55" hits="0" branch="true" condition-coverage="0% (0/2)" missing-branches="56,57"/>
						<line number="56" hits="0"/>
						<line number="57" hits="0" branch="true" condition-coverage="0% (0/2)" missing-branches="58,64"/>
						<line number="58" hits="0"/>
						<line number="64" hits="0" branch="true" condition-coverage="0% (0/2)" missing-branches="65,68"/>
						<line number="65" hits="0"/>
						<line number="68" hits="0"/>
						<line number="69" hits="0" branch="true" condition-coverage="0% (0/2)" missing-branches="70,71"/>
						<line number="70" hits="0"/>
						<line number="71" hits="0" branch="true" condition-coverage="0% (0/2)" missing-branches="72,73"/>
						<line number="72" hits="0"/>
						<line number="73" hits="0"/>
						<line number="76" hits="0"/>
						<line number="77" hits="0"/>
						<line number="78" hits="0"/>
						<line number="79" hits="0"/>
						<line number="80" hits="0"/>
						<line number="83" hits="0"/>
						<line number="84" hits="0"/>
						<line number="85" hits="0"/>
						<line number="87" hits="0"/>
						<line number="89" hits="1"/>
						<line number="91" hits="0" branch="true" condition-coverage="0% (0/2)" missing-branches="92,95"/>
						<line number="92" hits="0"/>
						<line number="95" hits="0" branch="true" condition-coverage="0% (0/2)" missing-branches="96,99"/>
						<line number="96" hits="0"/>
						<line number="97" hits="0"/>
						<line number="99" hits="0"/>
						<line number="100" hits="0"/>
						<line number="102" hits="0" branch="true" condition-coverage="0% (0/2)" missing-branches="103,105"/>
						<line number="103" hits="0"/>
						<line number="105" hits="0"/>
						<line number="106" hits="0"/>
						<line number="107" hits="0"/>
						<line number="109" hits="1"/>
						<line number="111" hits="0" branch="true" condition-coverage="0% (0/2)" missing-branches="112,115"/>
						<line number="112" hits="0"/>
						<line number="113" hits="0"/>
						<line number="115" hits="0" branch="true" condition-coverage="0% (0/2)" missing-branches="exit,116"/>
						<line number="116" hits="0"/>
						<line number="119" hits="0" branch="true" condition-coverage="0% (0/2)" missing-branches="120,123"/>
						<line number="120" hits="0"/>
						<line number="123" hits="0" branch="true" condition-coverage="0% (0/2)" missing-branches="124,126"/>
						<line number="124" hits="0"/>
						<line number="126" hits="0" branch="true" condition-coverage="0% (0/2)" missing-branches="127,129"/>
						<line number="127" hits="0"/>
						<line number="129" hits="0"/>
						<line number="130" hits="0"/>
						<line number="131" hits="0"/>
						<line number="133" hits="1"/>
						<line number="145" hits="0" branch="true" condition-coverage="0% (0/2)" missing-branches="146,150"/>
						<line number="146" hits="0"/>
						<line number="147" hits="0"/>
						<line number="150" hits="0"/>
						<line number="151" hits="0"/>
						<line number="154" hits="0" branch="true" condition-coverage="0% (0/2)" missing-branches="155,157"/>
						<line number="155" hits="0"/>
						<line number="156" hits="0"/>
						<line number="157" hits="0" branch="true" condition-coverage="0% (0/2)" missing-branches="158,161"/>
						<line number="158" hits="0"/>
						<line number="159" hits="0"/>
						<line number="161" hits="0"/>
						<line number="162" hits="0"/>
						<line number="165" hits="0" branch="true" condition-coverage="0% (0/2)" missing-branches="166,169"/>
						<line number="166" hits="0"/>
						<line number="169" hits="0"/>
						<line number="177" hits="0"/>
						<line number="180" hits="0" branch="true" condition-coverage="0% (0/2)" missing-branches="181,185"/>
						<line number="181" hits="0"/>
						<line number="182" hits="0"/>
						<line number="185" hits="0" branch="true" condition-coverage="0% (0/2)" missing-branches="186,190"/>
						<line number="186" hits="0"/>
						<line number="187" hits="0"/>
						<line number="190" hits="0"/>
						<line number="193" hits="0" branch="true" condition-coverage="0% (0/2)" missing-branches="194,197"/>
						<line number="194" hits="0"/>
						<line number="197" hits="0"/>
						<line number="199" hits="1"/>
						<line number="201" hits="0" branch="true" condition-coverage="0% (0/2)" missing-branches="202,204"/>
						<line number="202" hits="0"/>
						<line number="204" hits="0"/>
						<line number="205" hits="0"/>
						<line number="206" hits="0"/>
						<line number="208" hits="0"/>
						<line number="209" hits="0"/>
						<line number="210" hits="0"/>
						<line number="212" hits="1"/>
						<line number="214" hits="0" branch="true" condition-coverage="0% (0/2)" missing-branches="215,217"/>
						<line number="215" hits="0"/>
						<line number="217" hits="0"/>
						<line number="218" hits="0"/>
						<line number="219" hits="0"/>
						<line number="221" hits="0"/>
						<line number="222" hits="0"/>
						<line number="223" hits="0"/>
						<line number="225" hits="1"/>
						<line number="227" hits="0"/>
						<line number="237" hits="0" branch="true" condition-coverage="0% (0/2)" missing-branches="238,240"/>
						<line number="238" hits="0"/>
						<line number="240" hits="0"/>
						<line number="242" hits="1"/>
						<line number="244" hits="0"/>
						<line number="246" hits="1"/>
						<line number="248" hits="0"/>
						<line number="249" hits="0"/>
						<line number="251" hits="0"/>
						<line number="252" hits="0"/>
						<line number="253" hits="0"/>
						<line number="254" hits="0"/>
						<line number="256" hits="1"/>
						<line number="258" hits="0"/>
						<line number="259" hits="0"/>
						<line number="261" hits="0"/>
						<line number="262" hits="0"/>
						<line number="263" hits="0"/>
						<line number="264" hits="0"/>
						<line number="265" hits="0"/>
						<line number="267" hits="0"/>
						<line number="269" hits="1"/>
						<line number="271" hits="0"/>
						<line number="272" hits="0"/>
						<line number="273" hits="0"/>
						<line number="275" hits="1"/>
						<line number="277" hits="0"/>
						<line number="279" hits="0" branch="true" condition-coverage="0% (0/2)" missing-branches="280,283"/>
						<line number="280" hits="0"/>
						<line number="281" hits="0"/>
						<line number="282" hits="0"/>
						<line number="283" hits="0" branch="true" condition-coverage="0% (0/2)" missing-branches="284,287"/>
						<line number="284" hits="0"/>
						<line number="285" hits="0"/>
						<line number="286" hits="0"/>
						<line number="287" hits="0" branch="true" condition-coverage="0% (0/2)" missing-branches="288,291"/>
						<line number="288" hits="0"/>
						<line number="289" hits="0"/>
						<line number="290" hits="0"/>
						<line number="291" hits="0" branch="true" condition-coverage="0% (0/2)" missing-branches="292,296"/>
						<line number="292" hits="0"/>
						<line number="293" hits="0"/>
						<line number="294" hits="0"/>
						<line number="296" hits="0"/>
						<line number="297" hits="0"/>
						<line number="299" hits="0"/>
						<line number="301" hits="1"/>
						<line number="303" hits="0"/>
						<line number="304" hits="0"/>
						<line number="305" hits="0"/>
						<line number="306" hits="0"/>
						<line number="307" hits="0"/>
						<line number="309" hits="1"/>
						<line number="311" hits="0"/>
						<line number="313" hits="1"/>
						<line number="315" hits="0"/>
						<line number="317" hits="1"/>
						<line number="319" hits="0"/>
						<line number="321" hits="1"/>
						<line number="323" hits="0"/>
						<line number="325" hits="1"/>
						<line number="327" hits="0"/>
					</lines>
				</class>
				<class name="rabbitmq_consumer.py" filename="rabbitmq_consumer.py" complexity="0" line-rate="0.15" branch-rate="0">
					<methods/>
					<lines>
						<line number="5" hits="1"/>
						<line number="6" hits="1"/>
						<line number="8" hits="1"/>
						<line number="11" hits="1"/>
						<line number="14" hits="1"/>
						<line number="22" hits="0"/>
						<line number="23" hits="0"/>
						<line number="24" hits="0"/>
						<line number="25" hits="0"/>
						<line number="26" hits="0"/>
						<line number="28" hits="1"/>
						<line number="30" hits="0"/>
						<line number="35" hits="0"/>
						<line number="44" hits="0"/>
						<line number="45" hits="0"/>
						<line number="48" hits="0"/>
						<line number="55" hits="0"/>
						<line number="56" hits="0"/>
						<line number="59" hits="0"/>
						<line number="65" hits="0"/>
						<line number="66" hits="0"/>
						<line number="71" hits="0"/>
						<line number="73" hits="1"/>
						<line number="83" hits="0"/>
						<line number="85" hits="0"/>
						<line number="86" hits="0"/>
						<line number="89" hits="0"/>
						<line number="92" hits="0"/>
						<line number="94" hits="0"/>
						<line number="95" hits="0"/>
						<line number="97" hits="0"/>
						<line number="98" hits="0"/>
						<line number="99" hits="0"/>
						<line number="101" hits="0"/>
						<line number="103" hits="1"/>
						<line number="105" hits="0" branch="true" condition-coverage="0% (0/2)" missing-branches="exit,106"/>
						<line number="106" hits="0"/>
						<line number="107" hits="0"/>
						<line number="110" hits="0"/>
						<line number="116" hits="0"/>
						<line number="117" hits="0"/>
						<line number="119" hits="0"/>
						<line number="120" hits="0"/>
						<line number="121" hits="0"/>
						<line number="122" hits="0"/>
						<line number="123" hits="0"/>
						<line number="124" hits="0"/>
						<line number="125" hits="0"/>
						<line number="126" hits="0"/>
						<line number="127" hits="0"/>
						<line number="128" hits="0"/>
						<line number="129" hits="0"/>
						<line number="130" hits="0"/>
						<line number="132" hits="1"/>
						<line number="134" hits="0"/>
						<line number="135" hits="0" branch="true" condition-coverage="0% (0/2)" missing-branches="136,137"/>
						<line number="136" hits="0"/>
						<line number="137" hits="0" branch="true" condition-coverage="0% (0/2)" missing-branches="138,139"/>
						<line number="138" hits="0"/>
						<line number="139" hits="0"/>
					</lines>
				</class>
				<class name="setup.py" filename="setup.py" complexity="0" line-rate="0" branch-rate="1">
					<methods/>
					<lines>
						<line number="3" hits="0"/>
						<line number="5" hits="0"/>
					</lines>
				</class>
			</classes>
		</package>
		<package name="games" line-rate="0.4254" branch-rate="0.2432" complexity="0">
			<classes>
				<class name="__init__.py" filename="games/__init__.py" complexity="0" line-rate="1" branch-rate="1">
					<methods/>
					<lines/>
				</class>
				<class name="game_301.py" filename="games/game_301.py" complexity="0" line-rate="0.8148" branch-rate="0.75">
					<methods/>
					<lines>
						<line number="6" hits="1"/>
						<line number="9" hits="1"/>
						<line number="18" hits="1"/>
						<line number="19" hits="1"/>
						<line number="20" hits="1"/>
						<line number="22" hits="1" branch="true" condition-coverage="100% (2/2)"/>
						<line number="23" hits="1"/>
						<line number="32" hits="1" branch="true" condition-coverage="50% (1/2)" missing-branches="exit"/>
						<line number="33" hits="1"/>
						<line number="35" hits="1"/>
						<line number="37" hits="1"/>
						<line number="46" hits="1"/>
						<line number="48" hits="1" branch="true" condition-coverage="50% (1/2)" missing-branches="exit"/>
						<line number="49" hits="1"/>
						<line number="51" hits="1" branch="true" condition-coverage="100% (2/2)"/>
						<line number="52" hits="1"/>
						<line number="54" hits="1"/>
						<line number="67" hits="1" branch="true" condition-coverage="100% (2/2)"/>
						<line number="68" hits="1"/>
						<line number="70" hits="1"/>
						<line number="71" hits="1"/>
						<line number="74" hits="1"/>
						<line number="77" hits="1"/>
						<line number="79" hits="1"/>
						<line number="88" hits="1" branch="true" condition-coverage="100% (2/2)"/>
						<line number="89" hits="1"/>
						<line number="90" hits="1"/>
						<line number="91" hits="1"/>
						<line number="92" hits="1"/>
						<line number="95" hits="1" branch="true" condition-coverage="50% (1/2)" missing-branches="96"/>
						<line number="96" hits="0"/>
						<line number="97" hits="0"/>
						<line number="98" hits="0"/>
						<line number="99" hits="0"/>
						<line number="102" hits="1" branch="true" condition-coverage="100% (2/2)"/>
						<line number="104" hits="1" branch="true" condition-coverage="50% (1/2)" missing-branches="105"/>
						<line number="105" hits="0"/>
						<line number="106" hits="0" branch="true" condition-coverage="0% (0/2)" missing-branches="107,110"/>
						<line number="107" hits="0"/>
						<line number="110" hits="0"/>
						<line number="111" hits="0"/>
						<line number="112" hits="0"/>
						<line number="114" hits="1"/>
						<line number="115" hits="1"/>
						<line number="117" hits="1"/>
						<line number="119" hits="1"/>
						<line number="121" hits="1" branch="true" condition-coverage="100% (2/2)"/>
						<line number="122" hits="1"/>
						<line number="123" hits="1"/>
						<line number="125" hits="1"/>
						<line number="127" hits="1"/>
						<line number="134" hits="1"/>
						<line number="136" hits="1" branch="true" condition-coverage="100% (2/2)"/>
						<line number="137" hits="1"/>
					</lines>
				</class>
				<class name="game_cricket.py" filename="games/game_cricket.py" complexity="0" line-rate="0.1625" branch-rate="0">
					<methods/>
					<lines>
						<line number="5" hits="1"/>
						<line number="8" hits="1"/>
						<line number="12" hits="1"/>
						<line number="14" hits="1"/>
						<line number="21" hits="0"/>
						<line number="23" hits="0" branch="true" condition-coverage="0% (0/2)" missing-branches="24,41"/>
						<line number="24" hits="0"/>
						<line number="33" hits="0" branch="true" condition-coverage="0% (0/2)" missing-branches="34,39"/>
						<line number="34" hits="0"/>
						<line number="39" hits="0"/>
						<line number="41" hits="0" branch="true" condition-coverage="0% (0/2)" missing-branches="exit,42"/>
						<line number="42" hits="0"/>
						<line number="44" hits="1"/>
						<line number="46" hits="0" branch="true" condition-coverage="0% (0/2)" missing-branches="47,49"/>
						<line number="47" hits="0"/>
						<line number="49" hits="0"/>
						<line number="58" hits="0" branch="true" condition-coverage="0% (0/2)" missing-branches="59,64"/>
						<line number="59" hits="0"/>
						<line number="64" hits="0"/>
						<line number="66" hits="1"/>
						<line number="68" hits="0" branch="true" condition-coverage="0% (0/2)" missing-branches="exit,69"/>
						<line number="69" hits="0"/>
						<line number="71" hits="0" branch="true" condition-coverage="0% (0/2)" missing-branches="exit,72"/>
						<line number="72" hits="0"/>
						<line number="74" hits="1"/>
						<line number="87" hits="0" branch="true" condition-coverage="0% (0/2)" missing-branches="88,90"/>
						<line number="88" hits="0"/>
						<line number="90" hits="0"/>
						<line number="92" hits="0"/>
						<line number="104" hits="0" branch="true" condition-coverage="0% (0/2)" missing-branches="105,107"/>
						<line number="105" hits="0"/>
						<line number="107" hits="0"/>
						<line number="110" hits="0" branch="true" condition-coverage="0% (0/2)" missing-branches="111,114"/>
						<line number="111" hits="0"/>
						<line number="114" hits="0" branch="true" condition-coverage="0% (0/2)" missing-branches="116,136"/>
						<line number="116" hits="0" branch="true" condition-coverage="0% (0/2)" missing-branches="117,121"/>
						<line number="117" hits="0"/>
						<line number="118" hits="0"/>
						<line number="121" hits="0" branch="true" condition-coverage="0% (0/2)" missing-branches="114,122"/>
						<line number="122" hits="0"/>
						<line number="125" hits="0" branch="true" condition-coverage="0% (0/2)" missing-branches="114,126"/>
						<line number="126" hits="0"/>
						<line number="127" hits="0"/>
						<line number="130" hits="0" branch="true" condition-coverage="0% (0/2)" missing-branches="114,132"/>
						<line number="132" hits="0"/>
						<line number="133" hits="0"/>
						<line number="136" hits="0" branch="true" condition-coverage="0% (0/2)" missing-branches="137,139"/>
						<line number="137" hits="0"/>
						<line number="139" hits="0"/>
						<line number="141" hits="1"/>
						<line number="143" hits="0"/>
						<line number="145" hits="1"/>
						<line number="147" hits="0" branch="true" condition-coverage="0% (0/2)" missing-branches="exit,148"/>
						<line number="148" hits="0"/>
						<line number="150" hits="1"/>
						<line number="157" hits="0"/>
						<line number="160" hits="0" branch="true" condition-coverage="0% (0/2)" missing-branches="161,166"/>
						<line number="161" hits="0" branch="true" condition-coverage="0% (0/2)" missing-branches="160,162"/>
						<line number="162" hits="0"/>
						<line number="166" hits="0"/>
						<line number="167" hits="0" branch="true" condition-coverage="0% (0/2)" missing-branches="168,172"/>
						<line number="168" hits="0" branch="true" condition-coverage="0% (0/2)" missing-branches="167,169"/>
						<line number="169" hits="0"/>
						<line number="170" hits="0"/>
						<line number="172" hits="0" branch="true" condition-coverage="0% (0/2)" missing-branches="174,178"/>
						<line number="174" hits="0"/>
						<line number="175" hits="0"/>
						<line number="178" hits="0"/>
						<line number="179" hits="0"/>
						<line number="181" hits="1"/>
						<line number="183" hits="0" branch="true" condition-coverage="0% (0/2)" missing-branches="184,185"/>
						<line number="184" hits="0"/>
						<line number="185" hits="0"/>
						<line number="187" hits="1"/>
						<line number="189" hits="0"/>
						<line number="195" hits="1"/>
						<line number="197" hits="0" branch="true" condition-coverage="0% (0/2)" missing-branches="exit,198"/>
						<line number="198" hits="0"/>
						<line number="199" hits="0" branch="true" condition-coverage="0% (0/2)" missing-branches="197,200"/>
						<line number="200" hits="0"/>
					</lines>
				</class>
			</classes>
		</package>
	</packages>
</coverage>
